paths: Cannot open file '/home/eng/.dillo/dillorc': No such file or directory
paths: Using /etc/dillo/dillorc
paths: Cannot open file '/home/eng/.dillo/keysrc': No such file or directory
paths: Using /etc/dillo/keysrc
paths: Cannot open file '/home/eng/.dillo/domainrc': No such file or directory
paths: Using /etc/dillo/domainrc
Domain: Default accept.
dillo_dns_init: Here we go! (threaded)
Disabling cookies.
** WARNING **: preferred cursive font "URW Chancery L" not found.
Nav_open_url: new url='about:splash'
a_Dicache_cleanup: length = 0
Nav_open_url: new url='http://www.dillo.org/dillo3-help.html'
Nav_open_url: new url='http://www.dillo.org/'
Dns_server [0]: www.dillo.org is 34.149.36.179 34.120.190.48 34.149.120.3 34.160.81.203
Connecting to 34.149.36.179
Nav_open_url: new url='https://www.dillo.org/'
** ERROR **: [Dpi_read_comm_keys] No such file or directory
Dpi_blocking_start_dpid: try 1
Nav_open_url: new url='https://dillo.org/'
no values for shorthand property 'padding'
no values for shorthand property 'border-color'
no values for shorthand property 'border-color'
no values for shorthand property 'border-color'
no values for shorthand property 'border-color'
no values for shorthand property 'border-color'
no values for shorthand property 'border-color'
no values for shorthand property 'border-color'
no values for shorthand property 'border-color'
no values for shorthand property 'border-color'
no values for shorthand property 'border-color'
no values for shorthand property 'border-color'
no values for shorthand property 'border-color'
NumPendingStyleSheets=1
NumPendingStyleSheets=2
NumPendingStyleSheets=3
NumPendingStyleSheets=4
NumPendingStyleSheets=5
NumPendingStyleSheets=6
NumPendingStyleSheets=7
NumPendingStyleSheets=8
NumPendingStyleSheets=9
NumPendingStyleSheets=10
NumPendingStyleSheets=11
>>>> a_Nav_repush <<<<
a_Dicache_cleanup: length = 1
Nav_open_url: new url='https://dillo.org/'
a_Nav_expect_done: repush!
no values for shorthand property 'padding'
no values for shorthand property 'border-color'
no values for shorthand property 'border-color'
no values for shorthand property 'border-color'
no values for shorthand property 'border-color'
no values for shorthand property 'border-color'
no values for shorthand property 'border-color'
no values for shorthand property 'border-color'
no values for shorthand property 'border-color'
no values for shorthand property 'border-color'
no values for shorthand property 'border-color'
no values for shorthand property 'border-color'
no values for shorthand property 'border-color'
** WARNING **: Ignoring unsafe author style that might reveal browsing history
** WARNING **: Ignoring unsafe author style that might reveal browsing history
** WARNING **: Ignoring unsafe author style that might reveal browsing history
** WARNING **: Ignoring unsafe author style that might reveal browsing history
** WARNING **: Ignoring unsafe author style that might reveal browsing history
** WARNING **: Ignoring unsafe author style that might reveal browsing history
** WARNING **: Ignoring unsafe author style that might reveal browsing history
** WARNING **: Ignoring unsafe author style that might reveal browsing history
** WARNING **: Ignoring unsafe author style that might reveal browsing history
no values for shorthand property 'padding'
** WARNING **: Ignoring unsafe author style that might reveal browsing history
no values for shorthand property 'padding'
** WARNING **: Ignoring unsafe author style that might reveal browsing history
** WARNING **: Ignoring unsafe author style that might reveal browsing history
no values for shorthand property 'padding'
no values for shorthand property 'padding'
no values for shorthand property 'padding'
no values for shorthand property 'border-color'
no values for shorthand property 'border-color'
no values for shorthand property 'border-style'
no values for shorthand property 'border-style'
no values for shorthand property 'border-width'
** WARNING **: Ignoring unsafe author style that might reveal browsing history
** WARNING **: Ignoring unsafe author style that might reveal browsing history
** WARNING **: Ignoring unsafe author style that might reveal browsing history
** WARNING **: Ignoring unsafe author style that might reveal browsing history
** WARNING **: Ignoring unsafe author style that might reveal browsing history
** WARNING **: Ignoring unsafe author style that might reveal browsing history
** WARNING **: Ignoring unsafe author style that might reveal browsing history
** WARNING **: Ignoring unsafe author style that might reveal browsing history
** WARNING **: Ignoring unsafe author style that might reveal browsing history
** WARNING **: Ignoring unsafe author style that might reveal browsing history
** WARNING **: Ignoring unsafe author style that might reveal browsing history
** WARNING **: Ignoring unsafe author style that might reveal browsing history
** WARNING **: Ignoring unsafe author style that might reveal browsing history
** WARNING **: Ignoring unsafe author style that might reveal browsing history
** WARNING **: Ignoring unsafe author style that might reveal browsing history
** WARNING **: Ignoring unsafe author style that might reveal browsing history
** WARNING **: Ignoring unsafe author style that might reveal browsing history
** WARNING **: Ignoring unsafe author style that might reveal browsing history
** WARNING **: Ignoring unsafe author style that might reveal browsing history
** WARNING **: Ignoring unsafe author style that might reveal browsing history
** WARNING **: Ignoring unsafe author style that might reveal browsing history
** WARNING **: Ignoring unsafe author style that might reveal browsing history
** WARNING **: Ignoring unsafe author style that might reveal browsing history
** WARNING **: Ignoring unsafe author style that might reveal browsing history
** WARNING **: Ignoring unsafe author style that might reveal browsing history
** WARNING **: Ignoring unsafe author style that might reveal browsing history
** WARNING **: Ignoring unsafe author style that might reveal browsing history
** WARNING **: Ignoring unsafe author style that might reveal browsing history
** WARNING **: Ignoring unsafe author style that might reveal browsing history
** WARNING **: Ignoring unsafe author style that might reveal browsing history
** WARNING **: Ignoring unsafe author style that might reveal browsing history
** WARNING **: Ignoring unsafe author style that might reveal browsing history
no values for shorthand property 'padding'
no values for shorthand property 'margin'
** WARNING **: Ignoring unsafe author style that might reveal browsing history
** WARNING **: Ignoring unsafe author style that might reveal browsing history
** WARNING **: Ignoring unsafe author style that might reveal browsing history
** WARNING **: Ignoring unsafe author style that might reveal browsing history
** WARNING **: Ignoring unsafe author style that might reveal browsing history
** WARNING **: Ignoring unsafe author style that might reveal browsing history
** WARNING **: Ignoring unsafe author style that might reveal browsing history
** WARNING **: Ignoring unsafe author style that might reveal browsing history
** WARNING **: Ignoring unsafe author style that might reveal browsing history
** WARNING **: Ignoring unsafe author style that might reveal browsing history
** WARNING **: Ignoring unsafe author style that might reveal browsing history
** WARNING **: Ignoring unsafe author style that might reveal browsing history
** WARNING **: Ignoring unsafe author style that might reveal browsing history
** WARNING **: Ignoring unsafe author style that might reveal browsing history
** WARNING **: Ignoring unsafe author style that might reveal browsing history
** WARNING **: Ignoring unsafe author style that might reveal browsing history
** WARNING **: Ignoring unsafe author style that might reveal browsing history
** WARNING **: Ignoring unsafe author style that might reveal browsing history
** WARNING **: Ignoring unsafe author style that might reveal browsing history
** WARNING **: Ignoring unsafe author style that might reveal browsing history
** WARNING **: Ignoring unsafe author style that might reveal browsing history
** WARNING **: Ignoring unsafe author style that might reveal browsing history
** WARNING **: Ignoring unsafe author style that might reveal browsing history
no values for shorthand property 'border-color'
no values for shorthand property 'border-color'
a_Dicache_cleanup: length = 1
Nav_open_url: new url='https://elevareapoiosocietarioealvaras.com'
NumPendingStyleSheets=1
NumPendingStyleSheets=2
NumPendingStyleSheets=3
>>>> a_Nav_repush <<<<
a_Dicache_cleanup: length = 1
Nav_open_url: new url='https://elevareapoiosocietarioealvaras.com'
a_Nav_expect_done: repush!
** WARNING **: Ignoring unsafe author style that might reveal browsing history
no values for shorthand property 'border-color'
no values for shorthand property 'border-color'
** WARNING **: Ignoring unsafe author style that might reveal browsing history
a_Dicache_cleanup: length = 1
Nav_open_url: new url='http://youtube.com'
Dns_server [0]: youtube.com is 2800:3f0:4001:80b::200e 172.217.162.14
Connecting to 2800:3f0:4001:80b::200e
Nav_open_url: new url='https://youtube.com/'
Nav_open_url: new url='http://www.dillo.org/'
Nav_open_url: new url='https://www.dillo.org/'
Nav_open_url: new url='https://dillo.org/'
no values for shorthand property 'padding'
no values for shorthand property 'border-color'
no values for shorthand property 'border-color'
no values for shorthand property 'border-color'
no values for shorthand property 'border-color'
no values for shorthand property 'border-color'
no values for shorthand property 'border-color'
no values for shorthand property 'border-color'
no values for shorthand property 'border-color'
no values for shorthand property 'border-color'
no values for shorthand property 'border-color'
no values for shorthand property 'border-color'
no values for shorthand property 'border-color'
** WARNING **: Ignoring unsafe author style that might reveal browsing history
** WARNING **: Ignoring unsafe author style that might reveal browsing history
** WARNING **: Ignoring unsafe author style that might reveal browsing history
** WARNING **: Ignoring unsafe author style that might reveal browsing history
** WARNING **: Ignoring unsafe author style that might reveal browsing history
** WARNING **: Ignoring unsafe author style that might reveal browsing history
** WARNING **: Ignoring unsafe author style that might reveal browsing history
** WARNING **: Ignoring unsafe author style that might reveal browsing history
** WARNING **: Ignoring unsafe author style that might reveal browsing history
no values for shorthand property 'padding'
** WARNING **: Ignoring unsafe author style that might reveal browsing history
no values for shorthand property 'padding'
** WARNING **: Ignoring unsafe author style that might reveal browsing history
** WARNING **: Ignoring unsafe author style that might reveal browsing history
no values for shorthand property 'padding'
no values for shorthand property 'padding'
no values for shorthand property 'padding'
no values for shorthand property 'border-color'
no values for shorthand property 'border-color'
no values for shorthand property 'border-style'
no values for shorthand property 'border-style'
no values for shorthand property 'border-width'
** WARNING **: Ignoring unsafe author style that might reveal browsing history
** WARNING **: Ignoring unsafe author style that might reveal browsing history
** WARNING **: Ignoring unsafe author style that might reveal browsing history
** WARNING **: Ignoring unsafe author style that might reveal browsing history
** WARNING **: Ignoring unsafe author style that might reveal browsing history
** WARNING **: Ignoring unsafe author style that might reveal browsing history
** WARNING **: Ignoring unsafe author style that might reveal browsing history
** WARNING **: Ignoring unsafe author style that might reveal browsing history
** WARNING **: Ignoring unsafe author style that might reveal browsing history
** WARNING **: Ignoring unsafe author style that might reveal browsing history
** WARNING **: Ignoring unsafe author style that might reveal browsing history
** WARNING **: Ignoring unsafe author style that might reveal browsing history
** WARNING **: Ignoring unsafe author style that might reveal browsing history
** WARNING **: Ignoring unsafe author style that might reveal browsing history
** WARNING **: Ignoring unsafe author style that might reveal browsing history
** WARNING **: Ignoring unsafe author style that might reveal browsing history
** WARNING **: Ignoring unsafe author style that might reveal browsing history
** WARNING **: Ignoring unsafe author style that might reveal browsing history
** WARNING **: Ignoring unsafe author style that might reveal browsing history
** WARNING **: Ignoring unsafe author style that might reveal browsing history
** WARNING **: Ignoring unsafe author style that might reveal browsing history
** WARNING **: Ignoring unsafe author style that might reveal browsing history
** WARNING **: Ignoring unsafe author style that might reveal browsing history
** WARNING **: Ignoring unsafe author style that might reveal browsing history
** WARNING **: Ignoring unsafe author style that might reveal browsing history
** WARNING **: Ignoring unsafe author style that might reveal browsing history
** WARNING **: Ignoring unsafe author style that might reveal browsing history
** WARNING **: Ignoring unsafe author style that might reveal browsing history
** WARNING **: Ignoring unsafe author style that might reveal browsing history
** WARNING **: Ignoring unsafe author style that might reveal browsing history
** WARNING **: Ignoring unsafe author style that might reveal browsing history
** WARNING **: Ignoring unsafe author style that might reveal browsing history
no values for shorthand property 'padding'
no values for shorthand property 'margin'
** WARNING **: Ignoring unsafe author style that might reveal browsing history
** WARNING **: Ignoring unsafe author style that might reveal browsing history
** WARNING **: Ignoring unsafe author style that might reveal browsing history
** WARNING **: Ignoring unsafe author style that might reveal browsing history
** WARNING **: Ignoring unsafe author style that might reveal browsing history
** WARNING **: Ignoring unsafe author style that might reveal browsing history
** WARNING **: Ignoring unsafe author style that might reveal browsing history
** WARNING **: Ignoring unsafe author style that might reveal browsing history
** WARNING **: Ignoring unsafe author style that might reveal browsing history
** WARNING **: Ignoring unsafe author style that might reveal browsing history
** WARNING **: Ignoring unsafe author style that might reveal browsing history
** WARNING **: Ignoring unsafe author style that might reveal browsing history
** WARNING **: Ignoring unsafe author style that might reveal browsing history
** WARNING **: Ignoring unsafe author style that might reveal browsing history
** WARNING **: Ignoring unsafe author style that might reveal browsing history
** WARNING **: Ignoring unsafe author style that might reveal browsing history
** WARNING **: Ignoring unsafe author style that might reveal browsing history
** WARNING **: Ignoring unsafe author style that might reveal browsing history
** WARNING **: Ignoring unsafe author style that might reveal browsing history
** WARNING **: Ignoring unsafe author style that might reveal browsing history
** WARNING **: Ignoring unsafe author style that might reveal browsing history
** WARNING **: Ignoring unsafe author style that might reveal browsing history
** WARNING **: Ignoring unsafe author style that might reveal browsing history
no values for shorthand property 'border-color'
no values for shorthand property 'border-color'
a_Dicache_cleanup: length = 1
Nav_open_url: new url='https://dillo.org/#'
Nav_open_url: new url='http://dillo.org/developer.html'
Dns_server [0]: dillo.org is 34.149.120.3 35.244.153.44 34.160.81.203 34.120.190.48
Connecting to 34.149.120.3
Nav_open_url: new url='https://dillo.org/developer.html'
no values for shorthand property 'padding'
no values for shorthand property 'border-color'
no values for shorthand property 'border-color'
no values for shorthand property 'border-color'
no values for shorthand property 'border-color'
no values for shorthand property 'border-color'
no values for shorthand property 'border-color'
no values for shorthand property 'border-color'
no values for shorthand property 'border-color'
no values for shorthand property 'border-color'
no values for shorthand property 'border-color'
no values for shorthand property 'border-color'
no values for shorthand property 'border-color'
** WARNING **: Ignoring unsafe author style that might reveal browsing history
** WARNING **: Ignoring unsafe author style that might reveal browsing history
** WARNING **: Ignoring unsafe author style that might reveal browsing history
** WARNING **: Ignoring unsafe author style that might reveal browsing history
** WARNING **: Ignoring unsafe author style that might reveal browsing history
** WARNING **: Ignoring unsafe author style that might reveal browsing history
** WARNING **: Ignoring unsafe author style that might reveal browsing history
** WARNING **: Ignoring unsafe author style that might reveal browsing history
** WARNING **: Ignoring unsafe author style that might reveal browsing history
no values for shorthand property 'padding'
** WARNING **: Ignoring unsafe author style that might reveal browsing history
no values for shorthand property 'padding'
** WARNING **: Ignoring unsafe author style that might reveal browsing history
** WARNING **: Ignoring unsafe author style that might reveal browsing history
no values for shorthand property 'padding'
no values for shorthand property 'padding'
no values for shorthand property 'padding'
no values for shorthand property 'border-color'
no values for shorthand property 'border-color'
no values for shorthand property 'border-style'
no values for shorthand property 'border-style'
no values for shorthand property 'border-width'
** WARNING **: Ignoring unsafe author style that might reveal browsing history
** WARNING **: Ignoring unsafe author style that might reveal browsing history
** WARNING **: Ignoring unsafe author style that might reveal browsing history
** WARNING **: Ignoring unsafe author style that might reveal browsing history
** WARNING **: Ignoring unsafe author style that might reveal browsing history
** WARNING **: Ignoring unsafe author style that might reveal browsing history
** WARNING **: Ignoring unsafe author style that might reveal browsing history
** WARNING **: Ignoring unsafe author style that might reveal browsing history
** WARNING **: Ignoring unsafe author style that might reveal browsing history
** WARNING **: Ignoring unsafe author style that might reveal browsing history
** WARNING **: Ignoring unsafe author style that might reveal browsing history
** WARNING **: Ignoring unsafe author style that might reveal browsing history
** WARNING **: Ignoring unsafe author style that might reveal browsing history
** WARNING **: Ignoring unsafe author style that might reveal browsing history
** WARNING **: Ignoring unsafe author style that might reveal browsing history
** WARNING **: Ignoring unsafe author style that might reveal browsing history
** WARNING **: Ignoring unsafe author style that might reveal browsing history
** WARNING **: Ignoring unsafe author style that might reveal browsing history
** WARNING **: Ignoring unsafe author style that might reveal browsing history
** WARNING **: Ignoring unsafe author style that might reveal browsing history
** WARNING **: Ignoring unsafe author style that might reveal browsing history
** WARNING **: Ignoring unsafe author style that might reveal browsing history
** WARNING **: Ignoring unsafe author style that might reveal browsing history
** WARNING **: Ignoring unsafe author style that might reveal browsing history
** WARNING **: Ignoring unsafe author style that might reveal browsing history
** WARNING **: Ignoring unsafe author style that might reveal browsing history
** WARNING **: Ignoring unsafe author style that might reveal browsing history
** WARNING **: Ignoring unsafe author style that might reveal browsing history
no values for shorthand property 'padding'
no values for shorthand property 'margin'
** WARNING **: Ignoring unsafe author style that might reveal browsing history
** WARNING **: Ignoring unsafe author style that might reveal browsing history
** WARNING **: Ignoring unsafe author style that might reveal browsing history
** WARNING **: Ignoring unsafe author style that might reveal browsing history
** WARNING **: Ignoring unsafe author style that might reveal browsing history
** WARNING **: Ignoring unsafe author style that might reveal browsing history
** WARNING **: Ignoring unsafe author style that might reveal browsing history
** WARNING **: Ignoring unsafe author style that might reveal browsing history
** WARNING **: Ignoring unsafe author style that might reveal browsing history
** WARNING **: Ignoring unsafe author style that might reveal browsing history
** WARNING **: Ignoring unsafe author style that might reveal browsing history
** WARNING **: Ignoring unsafe author style that might reveal browsing history
** WARNING **: Ignoring unsafe author style that might reveal browsing history
** WARNING **: Ignoring unsafe author style that might reveal browsing history
** WARNING **: Ignoring unsafe author style that might reveal browsing history
** WARNING **: Ignoring unsafe author style that might reveal browsing history
** WARNING **: Ignoring unsafe author style that might reveal browsing history
** WARNING **: Ignoring unsafe author style that might reveal browsing history
** WARNING **: Ignoring unsafe author style that might reveal browsing history
** WARNING **: Ignoring unsafe author style that might reveal browsing history
** WARNING **: Ignoring unsafe author style that might reveal browsing history
** WARNING **: Ignoring unsafe author style that might reveal browsing history
** WARNING **: Ignoring unsafe author style that might reveal browsing history
no values for shorthand property 'border-color'
no values for shorthand property 'border-color'
a_Dicache_cleanup: length = 1
Nav_open_url: new url='http://dillo.org/donations.html'
Connecting to 34.149.120.3
Nav_open_url: new url='https://dillo.org/donations.html'
a_UIcmd_stop()
[dpip]: [Dpip_dsh_write] Broken pipe
[dpip]: [Dpip_dsh_write] Broken pipe
[dpip]: [Dpip_dsh_write] Broken pipe
[dpip]: [Dpip_dsh_write] Broken pipe
Nav_open_url: new url='http://google.com.br'
Dns_server [0]: google.com.br is 2800:3f0:4001:814::2003 172.217.172.131
Connecting to 2800:3f0:4001:814::2003
Nav_open_url: new url='http://www.google.com.br/'
Dns_server [0]: www.google.com.br is 2800:3f0:4001:800::2003 172.217.30.35
Connecting to 2800:3f0:4001:800::2003
Nav_open_url: new url='http://www.google.com/'
Dns_server [0]: www.google.com is 2800:3f0:4001:846::2004 172.217.28.196
Connecting to 2800:3f0:4001:846::2004
>>>> a_Nav_repush <<<<
a_Dicache_cleanup: length = 1
Nav_open_url: new url='http://www.google.com/'
a_Nav_expect_done: repush!
a_Dicache_cleanup: length = 3
Nav_open_url: new url='http://www.google.com/search?ie=ISO-8859-1&hl=pt-BR&source=hp&biw=&bih=&q=acurre+digital&iflsig=AOw8s4IAAAAAaG8vmJpQJzYzWxInS0LBIkrSR9PP1HIy&gbv=1'
Connecting to 2800:3f0:4001:846::2004
a_Dicache_cleanup: length = 3
Nav_open_url: new url='http://www.google.com/httpservice/retry/enablejs?sei=lCFvaN2OK5nU1sQPpYqK4Qk'
Connecting to 2800:3f0:4001:846::2004
no values for shorthand property 'padding'
no values for shorthand property 'padding'
a_Dicache_cleanup: length = 3
Nav_open_url: new url='http://www.google.com/search?ie=ISO-8859-1&hl=pt-BR&source=hp&biw=&bih=&q=acurre+digital&iflsig=AOw8s4IAAAAAaG8vmJpQJzYzWxInS0LBIkrSR9PP1HIy&gbv=1'
a_Dicache_cleanup: length = 3
Nav_open_url: new url='http://www.google.com/'
a_Dicache_cleanup: length = 3
Nav_open_url: new url='http://www.google.com/search?ie=UTF-8&oe=UTF-8&q=acurre+digital'
Connecting to 2800:3f0:4001:846::2004
a_Dicache_cleanup: length = 3
Nav_open_url: new url='http://www.dillo.org/'
Nav_open_url: new url='https://www.dillo.org/'
Nav_open_url: new url='https://dillo.org/'
no values for shorthand property 'padding'
no values for shorthand property 'border-color'
no values for shorthand property 'border-color'
no values for shorthand property 'border-color'
no values for shorthand property 'border-color'
no values for shorthand property 'border-color'
no values for shorthand property 'border-color'
no values for shorthand property 'border-color'
no values for shorthand property 'border-color'
no values for shorthand property 'border-color'
no values for shorthand property 'border-color'
no values for shorthand property 'border-color'
no values for shorthand property 'border-color'
** WARNING **: Ignoring unsafe author style that might reveal browsing history
** WARNING **: Ignoring unsafe author style that might reveal browsing history
** WARNING **: Ignoring unsafe author style that might reveal browsing history
** WARNING **: Ignoring unsafe author style that might reveal browsing history
** WARNING **: Ignoring unsafe author style that might reveal browsing history
** WARNING **: Ignoring unsafe author style that might reveal browsing history
** WARNING **: Ignoring unsafe author style that might reveal browsing history
** WARNING **: Ignoring unsafe author style that might reveal browsing history
** WARNING **: Ignoring unsafe author style that might reveal browsing history
no values for shorthand property 'padding'
** WARNING **: Ignoring unsafe author style that might reveal browsing history
no values for shorthand property 'padding'
** WARNING **: Ignoring unsafe author style that might reveal browsing history
** WARNING **: Ignoring unsafe author style that might reveal browsing history
no values for shorthand property 'padding'
no values for shorthand property 'padding'
no values for shorthand property 'padding'
no values for shorthand property 'border-color'
no values for shorthand property 'border-color'
no values for shorthand property 'border-style'
no values for shorthand property 'border-style'
no values for shorthand property 'border-width'
** WARNING **: Ignoring unsafe author style that might reveal browsing history
** WARNING **: Ignoring unsafe author style that might reveal browsing history
** WARNING **: Ignoring unsafe author style that might reveal browsing history
** WARNING **: Ignoring unsafe author style that might reveal browsing history
** WARNING **: Ignoring unsafe author style that might reveal browsing history
** WARNING **: Ignoring unsafe author style that might reveal browsing history
** WARNING **: Ignoring unsafe author style that might reveal browsing history
** WARNING **: Ignoring unsafe author style that might reveal browsing history
** WARNING **: Ignoring unsafe author style that might reveal browsing history
** WARNING **: Ignoring unsafe author style that might reveal browsing history
** WARNING **: Ignoring unsafe author style that might reveal browsing history
** WARNING **: Ignoring unsafe author style that might reveal browsing history
** WARNING **: Ignoring unsafe author style that might reveal browsing history
** WARNING **: Ignoring unsafe author style that might reveal browsing history
** WARNING **: Ignoring unsafe author style that might reveal browsing history
** WARNING **: Ignoring unsafe author style that might reveal browsing history
** WARNING **: Ignoring unsafe author style that might reveal browsing history
** WARNING **: Ignoring unsafe author style that might reveal browsing history
** WARNING **: Ignoring unsafe author style that might reveal browsing history
** WARNING **: Ignoring unsafe author style that might reveal browsing history
** WARNING **: Ignoring unsafe author style that might reveal browsing history
** WARNING **: Ignoring unsafe author style that might reveal browsing history
** WARNING **: Ignoring unsafe author style that might reveal browsing history
** WARNING **: Ignoring unsafe author style that might reveal browsing history
** WARNING **: Ignoring unsafe author style that might reveal browsing history
** WARNING **: Ignoring unsafe author style that might reveal browsing history
** WARNING **: Ignoring unsafe author style that might reveal browsing history
** WARNING **: Ignoring unsafe author style that might reveal browsing history
** WARNING **: Ignoring unsafe author style that might reveal browsing history
** WARNING **: Ignoring unsafe author style that might reveal browsing history
** WARNING **: Ignoring unsafe author style that might reveal browsing history
** WARNING **: Ignoring unsafe author style that might reveal browsing history
no values for shorthand property 'padding'
no values for shorthand property 'margin'
** WARNING **: Ignoring unsafe author style that might reveal browsing history
** WARNING **: Ignoring unsafe author style that might reveal browsing history
** WARNING **: Ignoring unsafe author style that might reveal browsing history
** WARNING **: Ignoring unsafe author style that might reveal browsing history
** WARNING **: Ignoring unsafe author style that might reveal browsing history
** WARNING **: Ignoring unsafe author style that might reveal browsing history
** WARNING **: Ignoring unsafe author style that might reveal browsing history
** WARNING **: Ignoring unsafe author style that might reveal browsing history
** WARNING **: Ignoring unsafe author style that might reveal browsing history
** WARNING **: Ignoring unsafe author style that might reveal browsing history
** WARNING **: Ignoring unsafe author style that might reveal browsing history
** WARNING **: Ignoring unsafe author style that might reveal browsing history
** WARNING **: Ignoring unsafe author style that might reveal browsing history
** WARNING **: Ignoring unsafe author style that might reveal browsing history
** WARNING **: Ignoring unsafe author style that might reveal browsing history
** WARNING **: Ignoring unsafe author style that might reveal browsing history
** WARNING **: Ignoring unsafe author style that might reveal browsing history
** WARNING **: Ignoring unsafe author style that might reveal browsing history
** WARNING **: Ignoring unsafe author style that might reveal browsing history
** WARNING **: Ignoring unsafe author style that might reveal browsing history
** WARNING **: Ignoring unsafe author style that might reveal browsing history
** WARNING **: Ignoring unsafe author style that might reveal browsing history
** WARNING **: Ignoring unsafe author style that might reveal browsing history
no values for shorthand property 'border-color'
no values for shorthand property 'border-color'
a_Dicache_cleanup: length = 3
Nav_open_url: new url='http://dillo.org/developer.html'
Nav_open_url: new url='https://dillo.org/developer.html'
no values for shorthand property 'padding'
no values for shorthand property 'border-color'
no values for shorthand property 'border-color'
no values for shorthand property 'border-color'
no values for shorthand property 'border-color'
no values for shorthand property 'border-color'
no values for shorthand property 'border-color'
no values for shorthand property 'border-color'
no values for shorthand property 'border-color'
no values for shorthand property 'border-color'
no values for shorthand property 'border-color'
no values for shorthand property 'border-color'
no values for shorthand property 'border-color'
** WARNING **: Ignoring unsafe author style that might reveal browsing history
** WARNING **: Ignoring unsafe author style that might reveal browsing history
** WARNING **: Ignoring unsafe author style that might reveal browsing history
** WARNING **: Ignoring unsafe author style that might reveal browsing history
** WARNING **: Ignoring unsafe author style that might reveal browsing history
** WARNING **: Ignoring unsafe author style that might reveal browsing history
** WARNING **: Ignoring unsafe author style that might reveal browsing history
** WARNING **: Ignoring unsafe author style that might reveal browsing history
** WARNING **: Ignoring unsafe author style that might reveal browsing history
no values for shorthand property 'padding'
** WARNING **: Ignoring unsafe author style that might reveal browsing history
no values for shorthand property 'padding'
** WARNING **: Ignoring unsafe author style that might reveal browsing history
** WARNING **: Ignoring unsafe author style that might reveal browsing history
no values for shorthand property 'padding'
no values for shorthand property 'padding'
no values for shorthand property 'padding'
no values for shorthand property 'border-color'
no values for shorthand property 'border-color'
no values for shorthand property 'border-style'
no values for shorthand property 'border-style'
no values for shorthand property 'border-width'
** WARNING **: Ignoring unsafe author style that might reveal browsing history
** WARNING **: Ignoring unsafe author style that might reveal browsing history
** WARNING **: Ignoring unsafe author style that might reveal browsing history
** WARNING **: Ignoring unsafe author style that might reveal browsing history
** WARNING **: Ignoring unsafe author style that might reveal browsing history
** WARNING **: Ignoring unsafe author style that might reveal browsing history
** WARNING **: Ignoring unsafe author style that might reveal browsing history
** WARNING **: Ignoring unsafe author style that might reveal browsing history
** WARNING **: Ignoring unsafe author style that might reveal browsing history
** WARNING **: Ignoring unsafe author style that might reveal browsing history
** WARNING **: Ignoring unsafe author style that might reveal browsing history
** WARNING **: Ignoring unsafe author style that might reveal browsing history
** WARNING **: Ignoring unsafe author style that might reveal browsing history
** WARNING **: Ignoring unsafe author style that might reveal browsing history
** WARNING **: Ignoring unsafe author style that might reveal browsing history
** WARNING **: Ignoring unsafe author style that might reveal browsing history
** WARNING **: Ignoring unsafe author style that might reveal browsing history
** WARNING **: Ignoring unsafe author style that might reveal browsing history
** WARNING **: Ignoring unsafe author style that might reveal browsing history
** WARNING **: Ignoring unsafe author style that might reveal browsing history
** WARNING **: Ignoring unsafe author style that might reveal browsing history
** WARNING **: Ignoring unsafe author style that might reveal browsing history
** WARNING **: Ignoring unsafe author style that might reveal browsing history
** WARNING **: Ignoring unsafe author style that might reveal browsing history
** WARNING **: Ignoring unsafe author style that might reveal browsing history
** WARNING **: Ignoring unsafe author style that might reveal browsing history
** WARNING **: Ignoring unsafe author style that might reveal browsing history
** WARNING **: Ignoring unsafe author style that might reveal browsing history
no values for shorthand property 'padding'
no values for shorthand property 'margin'
** WARNING **: Ignoring unsafe author style that might reveal browsing history
** WARNING **: Ignoring unsafe author style that might reveal browsing history
** WARNING **: Ignoring unsafe author style that might reveal browsing history
** WARNING **: Ignoring unsafe author style that might reveal browsing history
** WARNING **: Ignoring unsafe author style that might reveal browsing history
** WARNING **: Ignoring unsafe author style that might reveal browsing history
** WARNING **: Ignoring unsafe author style that might reveal browsing history
** WARNING **: Ignoring unsafe author style that might reveal browsing history
** WARNING **: Ignoring unsafe author style that might reveal browsing history
** WARNING **: Ignoring unsafe author style that might reveal browsing history
** WARNING **: Ignoring unsafe author style that might reveal browsing history
** WARNING **: Ignoring unsafe author style that might reveal browsing history
** WARNING **: Ignoring unsafe author style that might reveal browsing history
** WARNING **: Ignoring unsafe author style that might reveal browsing history
** WARNING **: Ignoring unsafe author style that might reveal browsing history
** WARNING **: Ignoring unsafe author style that might reveal browsing history
** WARNING **: Ignoring unsafe author style that might reveal browsing history
** WARNING **: Ignoring unsafe author style that might reveal browsing history
** WARNING **: Ignoring unsafe author style that might reveal browsing history
** WARNING **: Ignoring unsafe author style that might reveal browsing history
** WARNING **: Ignoring unsafe author style that might reveal browsing history
** WARNING **: Ignoring unsafe author style that might reveal browsing history
** WARNING **: Ignoring unsafe author style that might reveal browsing history
no values for shorthand property 'border-color'
no values for shorthand property 'border-color'
a_Dicache_cleanup: length = 3
Nav_open_url: new url='http://dillo.org/screenshots/index.html'
Connecting to 34.149.120.3
Nav_open_url: new url='https://dillo.org/screenshots/index.html'
no values for shorthand property 'padding'
no values for shorthand property 'border-color'
no values for shorthand property 'border-color'
no values for shorthand property 'border-color'
no values for shorthand property 'border-color'
no values for shorthand property 'border-color'
no values for shorthand property 'border-color'
no values for shorthand property 'border-color'
no values for shorthand property 'border-color'
no values for shorthand property 'border-color'
no values for shorthand property 'border-color'
no values for shorthand property 'border-color'
no values for shorthand property 'border-color'
** WARNING **: Ignoring unsafe author style that might reveal browsing history
** WARNING **: Ignoring unsafe author style that might reveal browsing history
** WARNING **: Ignoring unsafe author style that might reveal browsing history
** WARNING **: Ignoring unsafe author style that might reveal browsing history
** WARNING **: Ignoring unsafe author style that might reveal browsing history
** WARNING **: Ignoring unsafe author style that might reveal browsing history
** WARNING **: Ignoring unsafe author style that might reveal browsing history
** WARNING **: Ignoring unsafe author style that might reveal browsing history
** WARNING **: Ignoring unsafe author style that might reveal browsing history
no values for shorthand property 'padding'
** WARNING **: Ignoring unsafe author style that might reveal browsing history
no values for shorthand property 'padding'
** WARNING **: Ignoring unsafe author style that might reveal browsing history
** WARNING **: Ignoring unsafe author style that might reveal browsing history
no values for shorthand property 'padding'
no values for shorthand property 'padding'
no values for shorthand property 'padding'
no values for shorthand property 'border-color'
no values for shorthand property 'border-color'
no values for shorthand property 'border-style'
no values for shorthand property 'border-style'
no values for shorthand property 'border-width'
** WARNING **: Ignoring unsafe author style that might reveal browsing history
** WARNING **: Ignoring unsafe author style that might reveal browsing history
** WARNING **: Ignoring unsafe author style that might reveal browsing history
** WARNING **: Ignoring unsafe author style that might reveal browsing history
** WARNING **: Ignoring unsafe author style that might reveal browsing history
** WARNING **: Ignoring unsafe author style that might reveal browsing history
** WARNING **: Ignoring unsafe author style that might reveal browsing history
** WARNING **: Ignoring unsafe author style that might reveal browsing history
** WARNING **: Ignoring unsafe author style that might reveal browsing history
** WARNING **: Ignoring unsafe author style that might reveal browsing history
** WARNING **: Ignoring unsafe author style that might reveal browsing history
** WARNING **: Ignoring unsafe author style that might reveal browsing history
** WARNING **: Ignoring unsafe author style that might reveal browsing history
** WARNING **: Ignoring unsafe author style that might reveal browsing history
** WARNING **: Ignoring unsafe author style that might reveal browsing history
** WARNING **: Ignoring unsafe author style that might reveal browsing history
** WARNING **: Ignoring unsafe author style that might reveal browsing history
** WARNING **: Ignoring unsafe author style that might reveal browsing history
** WARNING **: Ignoring unsafe author style that might reveal browsing history
** WARNING **: Ignoring unsafe author style that might reveal browsing history
** WARNING **: Ignoring unsafe author style that might reveal browsing history
** WARNING **: Ignoring unsafe author style that might reveal browsing history
** WARNING **: Ignoring unsafe author style that might reveal browsing history
** WARNING **: Ignoring unsafe author style that might reveal browsing history
** WARNING **: Ignoring unsafe author style that might reveal browsing history
** WARNING **: Ignoring unsafe author style that might reveal browsing history
** WARNING **: Ignoring unsafe author style that might reveal browsing history
** WARNING **: Ignoring unsafe author style that might reveal browsing history
no values for shorthand property 'padding'
no values for shorthand property 'margin'
** WARNING **: Ignoring unsafe author style that might reveal browsing history
** WARNING **: Ignoring unsafe author style that might reveal browsing history
** WARNING **: Ignoring unsafe author style that might reveal browsing history
** WARNING **: Ignoring unsafe author style that might reveal browsing history
** WARNING **: Ignoring unsafe author style that might reveal browsing history
** WARNING **: Ignoring unsafe author style that might reveal browsing history
** WARNING **: Ignoring unsafe author style that might reveal browsing history
** WARNING **: Ignoring unsafe author style that might reveal browsing history
** WARNING **: Ignoring unsafe author style that might reveal browsing history
** WARNING **: Ignoring unsafe author style that might reveal browsing history
** WARNING **: Ignoring unsafe author style that might reveal browsing history
** WARNING **: Ignoring unsafe author style that might reveal browsing history
** WARNING **: Ignoring unsafe author style that might reveal browsing history
** WARNING **: Ignoring unsafe author style that might reveal browsing history
** WARNING **: Ignoring unsafe author style that might reveal browsing history
** WARNING **: Ignoring unsafe author style that might reveal browsing history
** WARNING **: Ignoring unsafe author style that might reveal browsing history
** WARNING **: Ignoring unsafe author style that might reveal browsing history
** WARNING **: Ignoring unsafe author style that might reveal browsing history
** WARNING **: Ignoring unsafe author style that might reveal browsing history
** WARNING **: Ignoring unsafe author style that might reveal browsing history
** WARNING **: Ignoring unsafe author style that might reveal browsing history
** WARNING **: Ignoring unsafe author style that might reveal browsing history
no values for shorthand property 'border-color'
no values for shorthand property 'border-color'
a_Dicache_cleanup: length = 1
Dillo: normal exit!
